-------------------------------------------------------------------------------
Test set: com.springBootRest.SpringBootRestClientApplicationTests
-------------------------------------------------------------------------------
Tests run: 3, Failures: 0, Errors: 3, Skipped: 0, Time elapsed: 0.07 s <<< FAILURE! - in com.springBootRest.SpringBootRestClientApplicationTests
initializationError(com.springBootRest.SpringBootRestClientApplicationTests)  Time elapsed: 0.007 s  <<< ERROR!
java.lang.Exception: The class com.springBootRest.SpringBootRestClientApplicationTests is not public.

initializationError(com.springBootRest.SpringBootRestClientApplicationTests)  Time elapsed: 0.001 s  <<< ERROR!
java.lang.Exception: Test class should have exactly one public constructor

initializationError(com.springBootRest.SpringBootRestClientApplicationTests)  Time elapsed: 0 s  <<< ERROR!
java.lang.Exception: Method contextLoads() should be public

